Starting server with Config HP="127.0.0.1:45649"|T="28800000"|R="false"|L="info"
time="2026-03-27T12:10:41-04:00" level=info msg="Creating root@localhost superuser"
time="2026-03-27T12:10:41-04:00" level=info msg="Server ready. Accepting connections."
time="2026-03-27T12:10:41-04:00" level=warning msg="secure_file_priv is set to \"\", which is insecure."
time="2026-03-27T12:10:41-04:00" level=warning msg="Any user with GRANT FILE privileges will be able to read any file which the sql-server process can read."
time="2026-03-27T12:10:41-04:00" level=warning msg="Please consider restarting the server with secure_file_priv set to a safe (or non-existent) directory."
time="2026-03-27T12:10:41-04:00" level=info msg=NewConnection DisableClientMultiStatements=false connectionID=1
time="2026-03-27T12:10:41-04:00" level=info msg=ConnectionClosed connectionID=1
time="2026-03-27T12:10:41-04:00" level=info msg=NewConnection DisableClientMultiStatements=false connectionID=2
time="2026-03-27T12:10:41-04:00" level=info msg=ConnectionClosed connectionID=2
time="2026-03-27T12:10:41-04:00" level=info msg=NewConnection DisableClientMultiStatements=false connectionID=3
time="2026-03-27T12:10:41-04:00" level=info msg=ConnectionClosed connectionID=3
time="2026-03-27T12:11:03-04:00" level=info msg=NewConnection DisableClientMultiStatements=false connectionID=4
time="2026-03-27T12:11:03-04:00" level=info msg=ConnectionClosed connectionID=4
time="2026-03-27T12:11:03-04:00" level=info msg=NewConnection DisableClientMultiStatements=false connectionID=5
time="2026-03-27T12:11:03-04:00" level=info msg=ConnectionClosed connectionID=5
time="2026-03-27T12:11:03-04:00" level=info msg=NewConnection DisableClientMultiStatements=false connectionID=7
time="2026-03-27T12:11:03-04:00" level=info msg=NewConnection DisableClientMultiStatements=false connectionID=6
time="2026-03-27T12:11:03-04:00" level=info msg=ConnectionClosed connectionID=6
time="2026-03-27T12:11:03-04:00" level=info msg=ConnectionClosed connectionID=7
time="2026-03-27T12:29:27-04:00" level=info msg=NewConnection DisableClientMultiStatements=false connectionID=8
time="2026-03-27T12:29:27-04:00" level=error msg="unable to process ComInitDB: database not found: atus_dashboard" database=atus_dashboard
time="2026-03-27T12:29:27-04:00" level=error msg="failed to set the database client 8 (127.0.0.1:52684): database not found: atus_dashboard (errno 1049) (sqlstate HY000)"
time="2026-03-27T12:29:27-04:00" level=info msg=ConnectionClosed connectionID=8
time="2026-03-27T12:29:27-04:00" level=info msg=NewConnection DisableClientMultiStatements=false connectionID=9
time="2026-03-27T12:29:27-04:00" level=info msg=ConnectionClosed connectionID=9
time="2026-03-27T12:29:27-04:00" level=info msg=NewConnection DisableClientMultiStatements=false connectionID=10
time="2026-03-27T12:29:27-04:00" level=error msg="unable to process ComInitDB: database not found: atus_dashboard" database=atus_dashboard
time="2026-03-27T12:29:27-04:00" level=error msg="failed to set the database client 10 (127.0.0.1:52708): database not found: atus_dashboard (errno 1049) (sqlstate HY000)"
time="2026-03-27T12:29:27-04:00" level=info msg=ConnectionClosed connectionID=10
time="2026-03-27T12:31:41-04:00" level=info msg=NewConnection DisableClientMultiStatements=false connectionID=11
time="2026-03-27T12:31:41-04:00" level=info msg=ConnectionClosed connectionID=11
time="2026-03-27T12:31:41-04:00" level=info msg=NewConnection DisableClientMultiStatements=false connectionID=12
time="2026-03-27T12:31:41-04:00" level=info msg=ConnectionClosed connectionID=12
time="2026-03-27T12:33:11-04:00" level=info msg=NewConnection DisableClientMultiStatements=false connectionID=13
time="2026-03-27T12:33:11-04:00" level=info msg=ConnectionClosed connectionID=13
time="2026-03-27T12:33:11-04:00" level=info msg=NewConnection DisableClientMultiStatements=false connectionID=14
time="2026-03-27T12:33:11-04:00" level=info msg=ConnectionClosed connectionID=14
time="2026-03-27T12:33:11-04:00" level=info msg=NewConnection DisableClientMultiStatements=false connectionID=15
time="2026-03-27T12:33:11-04:00" level=info msg=ConnectionClosed connectionID=15
time="2026-03-27T12:33:11-04:00" level=info msg=NewConnection DisableClientMultiStatements=false connectionID=16
time="2026-03-27T12:33:11-04:00" level=info msg=ConnectionClosed connectionID=16
time="2026-03-27T12:33:11-04:00" level=info msg=NewConnection DisableClientMultiStatements=false connectionID=17
time="2026-03-27T12:33:11-04:00" level=info msg=NewConnection DisableClientMultiStatements=false connectionID=18
time="2026-03-27T12:33:11-04:00" level=info msg=ConnectionClosed connectionID=17
time="2026-03-27T12:33:11-04:00" level=info msg=NewConnection DisableClientMultiStatements=false connectionID=19
time="2026-03-27T12:33:11-04:00" level=info msg=ConnectionClosed connectionID=18
time="2026-03-27T12:33:11-04:00" level=warning msg="error running query" connectTime="2026-03-27 12:33:11.67094189 -0400 -04 m=+1350.667775730" connectionDb=atus_dashboard connectionID=19 error="table not found: config" queryTime="2026-03-27 12:33:11.672509542 -0400 -04 m=+1350.669343388"
time="2026-03-27T12:33:11-04:00" level=warning msg="error running query" connectTime="2026-03-27 12:33:11.67094189 -0400 -04 m=+1350.667775730" connectionDb=atus_dashboard connectionID=19 error="table not found: config" queryTime="2026-03-27 12:33:11.674512789 -0400 -04 m=+1350.671346616"
time="2026-03-27T12:33:11-04:00" level=info msg=NewConnection DisableClientMultiStatements=false connectionID=20
time="2026-03-27T12:33:11-04:00" level=warning msg="error running query" connectTime="2026-03-27 12:33:11.675253542 -0400 -04 m=+1350.672087368" connectionDb=atus_dashboard connectionID=20 error="Duplicate key name 'idx_issues_issue_type'" queryTime="2026-03-27 12:33:11.763069507 -0400 -04 m=+1350.759903340"
time="2026-03-27T12:33:11-04:00" level=warning msg="error running query" connectTime="2026-03-27 12:33:11.675253542 -0400 -04 m=+1350.672087368" connectionDb=atus_dashboard connectionID=20 error="foreign key `fk_dep_depends_on` was not found on the table `dependencies`" queryTime="2026-03-27 12:33:11.763627022 -0400 -04 m=+1350.760460873"
time="2026-03-27T12:33:12-04:00" level=info msg=NewConnection DisableClientMultiStatements=false connectionID=21
time="2026-03-27T12:33:12-04:00" level=info msg=ConnectionClosed connectionID=21
time="2026-03-27T12:33:12-04:00" level=info msg=NewConnection DisableClientMultiStatements=false connectionID=22
time="2026-03-27T12:33:12-04:00" level=info msg=ConnectionClosed connectionID=22
time="2026-03-27T12:33:12-04:00" level=info msg=ConnectionClosed connectionID=20
time="2026-03-27T12:33:12-04:00" level=info msg=ConnectionClosed connectionID=19
time="2026-03-27T12:33:12-04:00" level=info msg=NewConnection DisableClientMultiStatements=false connectionID=23
time="2026-03-27T12:33:12-04:00" level=info msg=ConnectionClosed connectionID=23
time="2026-03-27T12:33:12-04:00" level=info msg=NewConnection DisableClientMultiStatements=false connectionID=24
time="2026-03-27T12:33:12-04:00" level=info msg=NewConnection DisableClientMultiStatements=false connectionID=25
time="2026-03-27T12:33:12-04:00" level=info msg=ConnectionClosed connectionID=24
time="2026-03-27T12:33:12-04:00" level=info msg=ConnectionClosed connectionID=25
time="2026-03-27T12:33:12-04:00" level=info msg=NewConnection DisableClientMultiStatements=false connectionID=26
time="2026-03-27T12:33:12-04:00" level=info msg=ConnectionClosed connectionID=26
time="2026-03-27T12:33:12-04:00" level=info msg=NewConnection DisableClientMultiStatements=false connectionID=27
time="2026-03-27T12:33:12-04:00" level=info msg=NewConnection DisableClientMultiStatements=false connectionID=28
time="2026-03-27T12:33:12-04:00" level=info msg=ConnectionClosed connectionID=27
time="2026-03-27T12:33:12-04:00" level=info msg=ConnectionClosed connectionID=28
time="2026-03-27T12:33:12-04:00" level=info msg=NewConnection DisableClientMultiStatements=false connectionID=29
time="2026-03-27T12:33:12-04:00" level=info msg=ConnectionClosed connectionID=29
time="2026-03-27T12:33:12-04:00" level=info msg=NewConnection DisableClientMultiStatements=false connectionID=30
time="2026-03-27T12:33:12-04:00" level=info msg=NewConnection DisableClientMultiStatements=false connectionID=31
time="2026-03-27T12:33:12-04:00" level=info msg=ConnectionClosed connectionID=30
time="2026-03-27T12:33:12-04:00" level=info msg=ConnectionClosed connectionID=31
time="2026-03-27T12:33:12-04:00" level=info msg=NewConnection DisableClientMultiStatements=false connectionID=32
time="2026-03-27T12:33:12-04:00" level=info msg=ConnectionClosed connectionID=32
time="2026-03-27T12:33:12-04:00" level=info msg=NewConnection DisableClientMultiStatements=false connectionID=33
time="2026-03-27T12:33:12-04:00" level=info msg=ConnectionClosed connectionID=33
time="2026-03-27T12:33:12-04:00" level=info msg=NewConnection DisableClientMultiStatements=false connectionID=34
time="2026-03-27T12:33:12-04:00" level=info msg=ConnectionClosed connectionID=34
time="2026-03-27T12:33:12-04:00" level=info msg=NewConnection DisableClientMultiStatements=false connectionID=35
time="2026-03-27T12:33:12-04:00" level=info msg=NewConnection DisableClientMultiStatements=false connectionID=36
time="2026-03-27T12:33:12-04:00" level=info msg=ConnectionClosed connectionID=35
time="2026-03-27T12:33:12-04:00" level=warning msg="error running query" connectTime="2026-03-27 12:33:12.703028589 -0400 -04 m=+1351.699862415" connectionDb=atus_dashboard connectionID=36 error="nothing to commit" queryTime="2026-03-27 12:33:12.718744748 -0400 -04 m=+1351.715578591"
time="2026-03-27T12:33:13-04:00" level=info msg=NewConnection DisableClientMultiStatements=false connectionID=37
time="2026-03-27T12:33:13-04:00" level=info msg=ConnectionClosed connectionID=37
time="2026-03-27T12:33:13-04:00" level=info msg=ConnectionClosed connectionID=36
