Starting server with Config HP="127.0.0.1:38657"|T="28800000"|R="false"|L="info"
time="2026-03-27T10:29:53-04:00" level=info msg="Creating root@localhost superuser"
time="2026-03-27T10:29:53-04:00" level=info msg="Server ready. Accepting connections."
time="2026-03-27T10:29:53-04:00" level=warning msg="secure_file_priv is set to \"\", which is insecure."
time="2026-03-27T10:29:53-04:00" level=warning msg="Any user with GRANT FILE privileges will be able to read any file which the sql-server process can read."
time="2026-03-27T10:29:53-04:00" level=warning msg="Please consider restarting the server with secure_file_priv set to a safe (or non-existent) directory."
time="2026-03-27T10:29:54-04:00" level=info msg=NewConnection DisableClientMultiStatements=false connectionID=2
time="2026-03-27T10:29:54-04:00" level=info msg=NewConnection DisableClientMultiStatements=false connectionID=3
time="2026-03-27T10:29:54-04:00" level=info msg=NewConnection DisableClientMultiStatements=false connectionID=1
time="2026-03-27T10:29:54-04:00" level=info msg=ConnectionClosed connectionID=1
time="2026-03-27T10:29:54-04:00" level=info msg=ConnectionClosed connectionID=2
time="2026-03-27T10:29:54-04:00" level=info msg=ConnectionClosed connectionID=3
time="2026-03-27T10:29:54-04:00" level=info msg=NewConnection DisableClientMultiStatements=false connectionID=4
time="2026-03-27T10:29:54-04:00" level=info msg=ConnectionClosed connectionID=4
time="2026-03-27T10:29:54-04:00" level=info msg=NewConnection DisableClientMultiStatements=false connectionID=5
time="2026-03-27T10:29:54-04:00" level=info msg=ConnectionClosed connectionID=5
time="2026-03-27T10:29:59-04:00" level=info msg=NewConnection DisableClientMultiStatements=false connectionID=6
time="2026-03-27T10:29:59-04:00" level=info msg=ConnectionClosed connectionID=6
time="2026-03-27T10:29:59-04:00" level=info msg=NewConnection DisableClientMultiStatements=false connectionID=7
time="2026-03-27T10:29:59-04:00" level=info msg=ConnectionClosed connectionID=7
time="2026-03-27T10:29:59-04:00" level=info msg=NewConnection DisableClientMultiStatements=false connectionID=8
time="2026-03-27T10:29:59-04:00" level=info msg=ConnectionClosed connectionID=8
time="2026-03-27T10:29:59-04:00" level=info msg=NewConnection DisableClientMultiStatements=false connectionID=9
time="2026-03-27T10:29:59-04:00" level=info msg=ConnectionClosed connectionID=9
time="2026-03-27T10:30:00-04:00" level=info msg=NewConnection DisableClientMultiStatements=false connectionID=10
time="2026-03-27T10:30:00-04:00" level=info msg=ConnectionClosed connectionID=10
time="2026-03-27T10:30:00-04:00" level=info msg=NewConnection DisableClientMultiStatements=false connectionID=11
time="2026-03-27T10:30:00-04:00" level=info msg=ConnectionClosed connectionID=11
time="2026-03-27T10:30:00-04:00" level=info msg=NewConnection DisableClientMultiStatements=false connectionID=12
time="2026-03-27T10:30:00-04:00" level=info msg=ConnectionClosed connectionID=12
time="2026-03-27T10:30:00-04:00" level=info msg=NewConnection DisableClientMultiStatements=false connectionID=13
time="2026-03-27T10:30:00-04:00" level=info msg=ConnectionClosed connectionID=13
time="2026-03-27T10:30:02-04:00" level=info msg=NewConnection DisableClientMultiStatements=false connectionID=14
time="2026-03-27T10:30:02-04:00" level=info msg=ConnectionClosed connectionID=14
time="2026-03-27T10:30:02-04:00" level=info msg=NewConnection DisableClientMultiStatements=false connectionID=15
time="2026-03-27T10:30:02-04:00" level=info msg=ConnectionClosed connectionID=15
time="2026-03-27T10:30:02-04:00" level=info msg=NewConnection DisableClientMultiStatements=false connectionID=16
time="2026-03-27T10:30:02-04:00" level=info msg=ConnectionClosed connectionID=16
time="2026-03-27T10:30:02-04:00" level=info msg=NewConnection DisableClientMultiStatements=false connectionID=17
time="2026-03-27T10:30:02-04:00" level=info msg=ConnectionClosed connectionID=17
time="2026-03-27T10:30:03-04:00" level=info msg=NewConnection DisableClientMultiStatements=false connectionID=18
time="2026-03-27T10:30:03-04:00" level=info msg=ConnectionClosed connectionID=18
time="2026-03-27T10:30:03-04:00" level=info msg=NewConnection DisableClientMultiStatements=false connectionID=19
time="2026-03-27T10:30:03-04:00" level=info msg=ConnectionClosed connectionID=19
time="2026-03-27T10:30:03-04:00" level=info msg=NewConnection DisableClientMultiStatements=false connectionID=21
time="2026-03-27T10:30:03-04:00" level=info msg=NewConnection DisableClientMultiStatements=false connectionID=20
time="2026-03-27T10:30:03-04:00" level=info msg=ConnectionClosed connectionID=20
time="2026-03-27T10:30:03-04:00" level=info msg=ConnectionClosed connectionID=21
time="2026-03-27T10:30:03-04:00" level=info msg=NewConnection DisableClientMultiStatements=false connectionID=22
time="2026-03-27T10:30:03-04:00" level=info msg=ConnectionClosed connectionID=22
time="2026-03-27T10:30:03-04:00" level=info msg=NewConnection DisableClientMultiStatements=false connectionID=23
time="2026-03-27T10:30:03-04:00" level=info msg=ConnectionClosed connectionID=23
time="2026-03-27T10:30:03-04:00" level=info msg=NewConnection DisableClientMultiStatements=false connectionID=25
time="2026-03-27T10:30:03-04:00" level=info msg=NewConnection DisableClientMultiStatements=false connectionID=24
time="2026-03-27T10:30:03-04:00" level=info msg=ConnectionClosed connectionID=24
time="2026-03-27T10:30:03-04:00" level=info msg=ConnectionClosed connectionID=25
time="2026-03-27T10:30:04-04:00" level=info msg=NewConnection DisableClientMultiStatements=false connectionID=26
time="2026-03-27T10:30:04-04:00" level=info msg=NewConnection DisableClientMultiStatements=false connectionID=27
time="2026-03-27T10:30:04-04:00" level=info msg=ConnectionClosed connectionID=26
time="2026-03-27T10:30:04-04:00" level=info msg=ConnectionClosed connectionID=27
time="2026-03-27T10:30:04-04:00" level=info msg=NewConnection DisableClientMultiStatements=false connectionID=29
time="2026-03-27T10:30:04-04:00" level=info msg=NewConnection DisableClientMultiStatements=false connectionID=28
time="2026-03-27T10:30:04-04:00" level=info msg=ConnectionClosed connectionID=28
time="2026-03-27T10:30:04-04:00" level=info msg=ConnectionClosed connectionID=29
time="2026-03-27T10:30:04-04:00" level=info msg=NewConnection DisableClientMultiStatements=false connectionID=30
time="2026-03-27T10:30:04-04:00" level=info msg=ConnectionClosed connectionID=30
time="2026-03-27T10:30:04-04:00" level=info msg=NewConnection DisableClientMultiStatements=false connectionID=31
time="2026-03-27T10:30:04-04:00" level=info msg=ConnectionClosed connectionID=31
time="2026-03-27T10:30:04-04:00" level=info msg=NewConnection DisableClientMultiStatements=false connectionID=32
time="2026-03-27T10:30:04-04:00" level=info msg=ConnectionClosed connectionID=32
time="2026-03-27T10:30:04-04:00" level=info msg=NewConnection DisableClientMultiStatements=false connectionID=33
time="2026-03-27T10:30:04-04:00" level=info msg=ConnectionClosed connectionID=33
time="2026-03-27T10:30:04-04:00" level=info msg=NewConnection DisableClientMultiStatements=false connectionID=34
time="2026-03-27T10:30:04-04:00" level=info msg=ConnectionClosed connectionID=34
time="2026-03-27T10:30:04-04:00" level=info msg=NewConnection DisableClientMultiStatements=false connectionID=35
time="2026-03-27T10:30:04-04:00" level=info msg=ConnectionClosed connectionID=35
time="2026-03-27T10:30:04-04:00" level=info msg=NewConnection DisableClientMultiStatements=false connectionID=36
time="2026-03-27T10:30:04-04:00" level=info msg=ConnectionClosed connectionID=36
time="2026-03-27T10:30:04-04:00" level=info msg=NewConnection DisableClientMultiStatements=false connectionID=37
time="2026-03-27T10:30:04-04:00" level=info msg=ConnectionClosed connectionID=37
time="2026-03-27T10:30:04-04:00" level=info msg=NewConnection DisableClientMultiStatements=false connectionID=38
time="2026-03-27T10:30:04-04:00" level=info msg=ConnectionClosed connectionID=38
time="2026-03-27T10:30:04-04:00" level=info msg=NewConnection DisableClientMultiStatements=false connectionID=39
time="2026-03-27T10:30:04-04:00" level=info msg=ConnectionClosed connectionID=39
time="2026-03-27T10:30:05-04:00" level=info msg=NewConnection DisableClientMultiStatements=false connectionID=40
time="2026-03-27T10:30:05-04:00" level=info msg=ConnectionClosed connectionID=40
time="2026-03-27T10:30:05-04:00" level=info msg=NewConnection DisableClientMultiStatements=false connectionID=41
time="2026-03-27T10:30:05-04:00" level=info msg=ConnectionClosed connectionID=41
time="2026-03-27T10:30:05-04:00" level=info msg=NewConnection DisableClientMultiStatements=false connectionID=42
time="2026-03-27T10:30:05-04:00" level=info msg=ConnectionClosed connectionID=42
time="2026-03-27T10:30:05-04:00" level=info msg=NewConnection DisableClientMultiStatements=false connectionID=43
time="2026-03-27T10:30:05-04:00" level=info msg=ConnectionClosed connectionID=43
time="2026-03-27T10:30:05-04:00" level=info msg=NewConnection DisableClientMultiStatements=false connectionID=44
time="2026-03-27T10:30:05-04:00" level=info msg=ConnectionClosed connectionID=44
time="2026-03-27T10:30:05-04:00" level=info msg=NewConnection DisableClientMultiStatements=false connectionID=45
time="2026-03-27T10:30:05-04:00" level=info msg=ConnectionClosed connectionID=45
time="2026-03-27T10:30:05-04:00" level=info msg=NewConnection DisableClientMultiStatements=false connectionID=47
time="2026-03-27T10:30:05-04:00" level=info msg=NewConnection DisableClientMultiStatements=false connectionID=46
time="2026-03-27T10:30:05-04:00" level=info msg=ConnectionClosed connectionID=46
time="2026-03-27T10:30:05-04:00" level=info msg=ConnectionClosed connectionID=47
time="2026-03-27T10:30:06-04:00" level=info msg=NewConnection DisableClientMultiStatements=false connectionID=48
time="2026-03-27T10:30:06-04:00" level=info msg=NewConnection DisableClientMultiStatements=false connectionID=49
time="2026-03-27T10:30:06-04:00" level=info msg=ConnectionClosed connectionID=48
time="2026-03-27T10:30:06-04:00" level=info msg=ConnectionClosed connectionID=49
time="2026-03-27T10:30:07-04:00" level=info msg=NewConnection DisableClientMultiStatements=false connectionID=50
time="2026-03-27T10:30:07-04:00" level=info msg=ConnectionClosed connectionID=50
time="2026-03-27T10:30:07-04:00" level=info msg=NewConnection DisableClientMultiStatements=false connectionID=51
time="2026-03-27T10:30:07-04:00" level=info msg=ConnectionClosed connectionID=51
time="2026-03-27T10:30:07-04:00" level=info msg=NewConnection DisableClientMultiStatements=false connectionID=52
time="2026-03-27T10:30:07-04:00" level=info msg=ConnectionClosed connectionID=52
time="2026-03-27T10:30:07-04:00" level=info msg=NewConnection DisableClientMultiStatements=false connectionID=53
time="2026-03-27T10:30:07-04:00" level=info msg=ConnectionClosed connectionID=53
time="2026-03-27T10:30:17-04:00" level=info msg=NewConnection DisableClientMultiStatements=false connectionID=54
time="2026-03-27T10:30:17-04:00" level=info msg=ConnectionClosed connectionID=54
time="2026-03-27T10:30:23-04:00" level=info msg=NewConnection DisableClientMultiStatements=false connectionID=55
time="2026-03-27T10:30:23-04:00" level=info msg=ConnectionClosed connectionID=55
time="2026-03-27T10:30:24-04:00" level=info msg=NewConnection DisableClientMultiStatements=false connectionID=56
time="2026-03-27T10:30:24-04:00" level=info msg=ConnectionClosed connectionID=56
time="2026-03-27T10:30:26-04:00" level=info msg=NewConnection DisableClientMultiStatements=false connectionID=57
time="2026-03-27T10:30:26-04:00" level=info msg=ConnectionClosed connectionID=57
time="2026-03-27T10:30:27-04:00" level=info msg=NewConnection DisableClientMultiStatements=false connectionID=58
time="2026-03-27T10:30:27-04:00" level=info msg=ConnectionClosed connectionID=58
time="2026-03-27T10:30:28-04:00" level=info msg=NewConnection DisableClientMultiStatements=false connectionID=59
time="2026-03-27T10:30:28-04:00" level=info msg=ConnectionClosed connectionID=59
time="2026-03-27T10:30:29-04:00" level=info msg=NewConnection DisableClientMultiStatements=false connectionID=60
time="2026-03-27T10:30:29-04:00" level=info msg=ConnectionClosed connectionID=60
time="2026-03-27T10:30:29-04:00" level=info msg=NewConnection DisableClientMultiStatements=false connectionID=61
time="2026-03-27T10:30:29-04:00" level=info msg=ConnectionClosed connectionID=61
time="2026-03-27T10:30:29-04:00" level=info msg=NewConnection DisableClientMultiStatements=false connectionID=62
time="2026-03-27T10:30:29-04:00" level=info msg=ConnectionClosed connectionID=62
time="2026-03-27T10:30:30-04:00" level=info msg=NewConnection DisableClientMultiStatements=false connectionID=63
time="2026-03-27T10:30:30-04:00" level=info msg=ConnectionClosed connectionID=63
time="2026-03-27T10:30:30-04:00" level=info msg=NewConnection DisableClientMultiStatements=false connectionID=64
time="2026-03-27T10:30:30-04:00" level=info msg=ConnectionClosed connectionID=64
time="2026-03-27T10:30:31-04:00" level=info msg=NewConnection DisableClientMultiStatements=false connectionID=65
time="2026-03-27T10:30:31-04:00" level=info msg=ConnectionClosed connectionID=65
time="2026-03-27T10:30:32-04:00" level=info msg=NewConnection DisableClientMultiStatements=false connectionID=66
time="2026-03-27T10:30:32-04:00" level=info msg=ConnectionClosed connectionID=66
time="2026-03-27T10:30:34-04:00" level=info msg=NewConnection DisableClientMultiStatements=false connectionID=67
time="2026-03-27T10:30:34-04:00" level=info msg=ConnectionClosed connectionID=67
time="2026-03-27T10:30:35-04:00" level=info msg=NewConnection DisableClientMultiStatements=false connectionID=68
time="2026-03-27T10:30:35-04:00" level=info msg=ConnectionClosed connectionID=68
time="2026-03-27T10:30:36-04:00" level=info msg=NewConnection DisableClientMultiStatements=false connectionID=69
time="2026-03-27T10:30:36-04:00" level=info msg=ConnectionClosed connectionID=69
time="2026-03-27T10:30:56-04:00" level=info msg=NewConnection DisableClientMultiStatements=false connectionID=70
time="2026-03-27T10:30:56-04:00" level=info msg=ConnectionClosed connectionID=70
time="2026-03-27T10:30:57-04:00" level=info msg=NewConnection DisableClientMultiStatements=false connectionID=71
time="2026-03-27T10:30:57-04:00" level=info msg=ConnectionClosed connectionID=71
time="2026-03-27T10:30:58-04:00" level=info msg=NewConnection DisableClientMultiStatements=false connectionID=72
time="2026-03-27T10:30:58-04:00" level=info msg=ConnectionClosed connectionID=72
time="2026-03-27T10:30:59-04:00" level=info msg=NewConnection DisableClientMultiStatements=false connectionID=73
time="2026-03-27T10:30:59-04:00" level=info msg=ConnectionClosed connectionID=73
time="2026-03-27T10:31:00-04:00" level=info msg=NewConnection DisableClientMultiStatements=false connectionID=74
time="2026-03-27T10:31:00-04:00" level=info msg=ConnectionClosed connectionID=74
time="2026-03-27T10:31:01-04:00" level=info msg=NewConnection DisableClientMultiStatements=false connectionID=75
time="2026-03-27T10:31:01-04:00" level=info msg=ConnectionClosed connectionID=75
time="2026-03-27T10:31:07-04:00" level=info msg=NewConnection DisableClientMultiStatements=false connectionID=76
time="2026-03-27T10:31:07-04:00" level=info msg=ConnectionClosed connectionID=76
time="2026-03-27T10:31:07-04:00" level=info msg=NewConnection DisableClientMultiStatements=false connectionID=77
time="2026-03-27T10:31:07-04:00" level=info msg=ConnectionClosed connectionID=77
time="2026-03-27T10:31:19-04:00" level=info msg=NewConnection DisableClientMultiStatements=false connectionID=78
time="2026-03-27T10:31:19-04:00" level=info msg=ConnectionClosed connectionID=78
time="2026-03-27T10:31:27-04:00" level=info msg=NewConnection DisableClientMultiStatements=false connectionID=79
time="2026-03-27T10:31:27-04:00" level=info msg=ConnectionClosed connectionID=79
time="2026-03-27T10:31:28-04:00" level=info msg=NewConnection DisableClientMultiStatements=false connectionID=80
time="2026-03-27T10:31:28-04:00" level=info msg=ConnectionClosed connectionID=80
time="2026-03-27T10:31:29-04:00" level=info msg=NewConnection DisableClientMultiStatements=false connectionID=81
time="2026-03-27T10:31:29-04:00" level=info msg=ConnectionClosed connectionID=81
time="2026-03-27T10:31:31-04:00" level=info msg=NewConnection DisableClientMultiStatements=false connectionID=82
time="2026-03-27T10:31:31-04:00" level=info msg=ConnectionClosed connectionID=82
time="2026-03-27T10:31:31-04:00" level=info msg=NewConnection DisableClientMultiStatements=false connectionID=83
time="2026-03-27T10:31:31-04:00" level=info msg=ConnectionClosed connectionID=83
time="2026-03-27T10:31:33-04:00" level=info msg=NewConnection DisableClientMultiStatements=false connectionID=84
time="2026-03-27T10:31:33-04:00" level=info msg=ConnectionClosed connectionID=84
time="2026-03-27T10:31:33-04:00" level=info msg=NewConnection DisableClientMultiStatements=false connectionID=85
time="2026-03-27T10:31:33-04:00" level=info msg=ConnectionClosed connectionID=85
time="2026-03-27T10:31:34-04:00" level=info msg=NewConnection DisableClientMultiStatements=false connectionID=86
time="2026-03-27T10:31:34-04:00" level=info msg=ConnectionClosed connectionID=86
time="2026-03-27T10:31:34-04:00" level=info msg=NewConnection DisableClientMultiStatements=false connectionID=87
time="2026-03-27T10:31:34-04:00" level=info msg=ConnectionClosed connectionID=87
time="2026-03-27T10:31:35-04:00" level=info msg=NewConnection DisableClientMultiStatements=false connectionID=88
time="2026-03-27T10:31:35-04:00" level=info msg=ConnectionClosed connectionID=88
time="2026-03-27T10:31:36-04:00" level=info msg=NewConnection DisableClientMultiStatements=false connectionID=89
time="2026-03-27T10:31:36-04:00" level=info msg=ConnectionClosed connectionID=89
time="2026-03-27T10:31:36-04:00" level=info msg=NewConnection DisableClientMultiStatements=false connectionID=90
time="2026-03-27T10:31:36-04:00" level=info msg=ConnectionClosed connectionID=90
time="2026-03-27T10:31:37-04:00" level=info msg=NewConnection DisableClientMultiStatements=false connectionID=91
time="2026-03-27T10:31:37-04:00" level=info msg=ConnectionClosed connectionID=91
time="2026-03-27T10:31:37-04:00" level=info msg=NewConnection DisableClientMultiStatements=false connectionID=92
time="2026-03-27T10:31:37-04:00" level=info msg=ConnectionClosed connectionID=92
time="2026-03-27T10:31:37-04:00" level=info msg=NewConnection DisableClientMultiStatements=false connectionID=93
time="2026-03-27T10:31:37-04:00" level=info msg=ConnectionClosed connectionID=93
time="2026-03-27T10:31:38-04:00" level=info msg=NewConnection DisableClientMultiStatements=false connectionID=94
time="2026-03-27T10:31:38-04:00" level=info msg=ConnectionClosed connectionID=94
time="2026-03-27T10:31:38-04:00" level=info msg=NewConnection DisableClientMultiStatements=false connectionID=95
time="2026-03-27T10:31:38-04:00" level=info msg=ConnectionClosed connectionID=95
time="2026-03-27T10:31:39-04:00" level=info msg=NewConnection DisableClientMultiStatements=false connectionID=96
time="2026-03-27T10:31:39-04:00" level=info msg=ConnectionClosed connectionID=96
time="2026-03-27T10:31:40-04:00" level=info msg=NewConnection DisableClientMultiStatements=false connectionID=97
time="2026-03-27T10:31:40-04:00" level=info msg=ConnectionClosed connectionID=97
time="2026-03-27T10:34:27-04:00" level=info msg=NewConnection DisableClientMultiStatements=false connectionID=98
time="2026-03-27T10:34:27-04:00" level=info msg=ConnectionClosed connectionID=98
time="2026-03-27T10:34:28-04:00" level=info msg=NewConnection DisableClientMultiStatements=false connectionID=99
time="2026-03-27T10:34:28-04:00" level=info msg=ConnectionClosed connectionID=99
time="2026-03-27T10:34:30-04:00" level=info msg=NewConnection DisableClientMultiStatements=false connectionID=100
time="2026-03-27T10:34:30-04:00" level=info msg=ConnectionClosed connectionID=100
time="2026-03-27T10:34:30-04:00" level=info msg=NewConnection DisableClientMultiStatements=false connectionID=101
time="2026-03-27T10:34:30-04:00" level=info msg=ConnectionClosed connectionID=101
time="2026-03-27T10:34:34-04:00" level=info msg=NewConnection DisableClientMultiStatements=false connectionID=102
time="2026-03-27T10:34:34-04:00" level=info msg=ConnectionClosed connectionID=102
time="2026-03-27T10:34:35-04:00" level=info msg=NewConnection DisableClientMultiStatements=false connectionID=103
time="2026-03-27T10:34:35-04:00" level=info msg=ConnectionClosed connectionID=103
time="2026-03-27T10:34:35-04:00" level=info msg=NewConnection DisableClientMultiStatements=false connectionID=104
time="2026-03-27T10:34:35-04:00" level=info msg=ConnectionClosed connectionID=104
time="2026-03-27T10:34:36-04:00" level=info msg=NewConnection DisableClientMultiStatements=false connectionID=105
time="2026-03-27T10:34:36-04:00" level=info msg=ConnectionClosed connectionID=105
time="2026-03-27T10:34:36-04:00" level=info msg=NewConnection DisableClientMultiStatements=false connectionID=106
time="2026-03-27T10:34:36-04:00" level=info msg=ConnectionClosed connectionID=106
time="2026-03-27T10:34:37-04:00" level=info msg=NewConnection DisableClientMultiStatements=false connectionID=107
time="2026-03-27T10:34:37-04:00" level=info msg=ConnectionClosed connectionID=107
time="2026-03-27T10:34:37-04:00" level=info msg=NewConnection DisableClientMultiStatements=false connectionID=108
time="2026-03-27T10:34:37-04:00" level=info msg=ConnectionClosed connectionID=108
time="2026-03-27T10:34:38-04:00" level=info msg=NewConnection DisableClientMultiStatements=false connectionID=109
time="2026-03-27T10:34:38-04:00" level=info msg=ConnectionClosed connectionID=109
time="2026-03-27T10:34:38-04:00" level=info msg=NewConnection DisableClientMultiStatements=false connectionID=110
time="2026-03-27T10:34:38-04:00" level=info msg=ConnectionClosed connectionID=110
time="2026-03-27T10:34:39-04:00" level=info msg=NewConnection DisableClientMultiStatements=false connectionID=111
time="2026-03-27T10:34:39-04:00" level=info msg=ConnectionClosed connectionID=111
time="2026-03-27T10:37:32-04:00" level=info msg=NewConnection DisableClientMultiStatements=false connectionID=112
time="2026-03-27T10:37:32-04:00" level=info msg=ConnectionClosed connectionID=112
time="2026-03-27T10:37:32-04:00" level=info msg=NewConnection DisableClientMultiStatements=false connectionID=113
time="2026-03-27T10:37:32-04:00" level=info msg=ConnectionClosed connectionID=113
time="2026-03-27T10:37:33-04:00" level=info msg=NewConnection DisableClientMultiStatements=false connectionID=114
time="2026-03-27T10:37:33-04:00" level=info msg=ConnectionClosed connectionID=114
time="2026-03-27T10:37:33-04:00" level=info msg=NewConnection DisableClientMultiStatements=false connectionID=115
time="2026-03-27T10:37:33-04:00" level=info msg=ConnectionClosed connectionID=115
time="2026-03-27T10:37:38-04:00" level=info msg=NewConnection DisableClientMultiStatements=false connectionID=116
time="2026-03-27T10:37:38-04:00" level=info msg=ConnectionClosed connectionID=116
time="2026-03-27T10:37:38-04:00" level=info msg=NewConnection DisableClientMultiStatements=false connectionID=117
time="2026-03-27T10:37:38-04:00" level=info msg=ConnectionClosed connectionID=117
time="2026-03-27T10:37:39-04:00" level=info msg=NewConnection DisableClientMultiStatements=false connectionID=118
time="2026-03-27T10:37:39-04:00" level=info msg=ConnectionClosed connectionID=118
time="2026-03-27T10:37:40-04:00" level=info msg=NewConnection DisableClientMultiStatements=false connectionID=119
time="2026-03-27T10:37:40-04:00" level=info msg=ConnectionClosed connectionID=119
time="2026-03-27T10:37:40-04:00" level=info msg=NewConnection DisableClientMultiStatements=false connectionID=120
time="2026-03-27T10:37:40-04:00" level=info msg=ConnectionClosed connectionID=120
time="2026-03-27T10:37:41-04:00" level=info msg=NewConnection DisableClientMultiStatements=false connectionID=121
time="2026-03-27T10:37:41-04:00" level=info msg=ConnectionClosed connectionID=121
time="2026-03-27T10:37:41-04:00" level=info msg=NewConnection DisableClientMultiStatements=false connectionID=122
time="2026-03-27T10:37:41-04:00" level=info msg=ConnectionClosed connectionID=122
time="2026-03-27T10:37:41-04:00" level=info msg=NewConnection DisableClientMultiStatements=false connectionID=123
time="2026-03-27T10:37:41-04:00" level=info msg=ConnectionClosed connectionID=123
time="2026-03-27T10:37:42-04:00" level=info msg=NewConnection DisableClientMultiStatements=false connectionID=124
time="2026-03-27T10:37:42-04:00" level=info msg=ConnectionClosed connectionID=124
time="2026-03-27T10:37:42-04:00" level=info msg=NewConnection DisableClientMultiStatements=false connectionID=125
time="2026-03-27T10:37:42-04:00" level=info msg=ConnectionClosed connectionID=125
time="2026-03-27T10:37:42-04:00" level=info msg=NewConnection DisableClientMultiStatements=false connectionID=126
time="2026-03-27T10:37:42-04:00" level=info msg=ConnectionClosed connectionID=126
time="2026-03-27T10:37:43-04:00" level=info msg=NewConnection DisableClientMultiStatements=false connectionID=127
time="2026-03-27T10:37:43-04:00" level=info msg=ConnectionClosed connectionID=127
time="2026-03-27T10:43:33-04:00" level=info msg=NewConnection DisableClientMultiStatements=false connectionID=128
time="2026-03-27T10:43:33-04:00" level=info msg=ConnectionClosed connectionID=128
time="2026-03-27T10:43:33-04:00" level=info msg=NewConnection DisableClientMultiStatements=false connectionID=129
time="2026-03-27T10:43:33-04:00" level=info msg=ConnectionClosed connectionID=129
time="2026-03-27T10:43:34-04:00" level=info msg=NewConnection DisableClientMultiStatements=false connectionID=130
time="2026-03-27T10:43:34-04:00" level=info msg=ConnectionClosed connectionID=130
time="2026-03-27T10:43:34-04:00" level=info msg=NewConnection DisableClientMultiStatements=false connectionID=131
time="2026-03-27T10:43:34-04:00" level=info msg=ConnectionClosed connectionID=131
time="2026-03-27T10:43:34-04:00" level=info msg=NewConnection DisableClientMultiStatements=false connectionID=132
time="2026-03-27T10:43:34-04:00" level=info msg=ConnectionClosed connectionID=132
time="2026-03-27T10:43:35-04:00" level=info msg=NewConnection DisableClientMultiStatements=false connectionID=133
time="2026-03-27T10:43:35-04:00" level=info msg=ConnectionClosed connectionID=133
time="2026-03-27T10:43:37-04:00" level=info msg=NewConnection DisableClientMultiStatements=false connectionID=134
time="2026-03-27T10:43:37-04:00" level=info msg=ConnectionClosed connectionID=134
time="2026-03-27T10:43:37-04:00" level=info msg=NewConnection DisableClientMultiStatements=false connectionID=135
time="2026-03-27T10:43:37-04:00" level=info msg=ConnectionClosed connectionID=135
time="2026-03-27T10:43:38-04:00" level=info msg=NewConnection DisableClientMultiStatements=false connectionID=136
time="2026-03-27T10:43:38-04:00" level=info msg=ConnectionClosed connectionID=136
time="2026-03-27T10:43:45-04:00" level=info msg=NewConnection DisableClientMultiStatements=false connectionID=137
time="2026-03-27T10:43:45-04:00" level=info msg=ConnectionClosed connectionID=137
time="2026-03-27T10:43:46-04:00" level=info msg=NewConnection DisableClientMultiStatements=false connectionID=138
time="2026-03-27T10:43:46-04:00" level=info msg=ConnectionClosed connectionID=138
time="2026-03-27T10:43:54-04:00" level=info msg=NewConnection DisableClientMultiStatements=false connectionID=139
time="2026-03-27T10:43:54-04:00" level=info msg=ConnectionClosed connectionID=139
time="2026-03-27T10:43:55-04:00" level=info msg=NewConnection DisableClientMultiStatements=false connectionID=140
time="2026-03-27T10:43:55-04:00" level=info msg=ConnectionClosed connectionID=140
time="2026-03-27T10:43:55-04:00" level=info msg=NewConnection DisableClientMultiStatements=false connectionID=141
time="2026-03-27T10:43:55-04:00" level=info msg=ConnectionClosed connectionID=141
time="2026-03-27T10:43:55-04:00" level=info msg=NewConnection DisableClientMultiStatements=false connectionID=142
time="2026-03-27T10:43:55-04:00" level=info msg=ConnectionClosed connectionID=142
time="2026-03-27T10:43:56-04:00" level=info msg=NewConnection DisableClientMultiStatements=false connectionID=143
time="2026-03-27T10:43:56-04:00" level=info msg=ConnectionClosed connectionID=143
time="2026-03-27T10:43:56-04:00" level=info msg=NewConnection DisableClientMultiStatements=false connectionID=144
time="2026-03-27T10:43:56-04:00" level=info msg=ConnectionClosed connectionID=144
time="2026-03-27T10:43:57-04:00" level=info msg=NewConnection DisableClientMultiStatements=false connectionID=145
time="2026-03-27T10:43:57-04:00" level=info msg=ConnectionClosed connectionID=145
time="2026-03-27T10:43:57-04:00" level=info msg=NewConnection DisableClientMultiStatements=false connectionID=146
time="2026-03-27T10:43:57-04:00" level=info msg=ConnectionClosed connectionID=146
time="2026-03-27T10:44:03-04:00" level=info msg=NewConnection DisableClientMultiStatements=false connectionID=147
time="2026-03-27T10:44:03-04:00" level=info msg=ConnectionClosed connectionID=147
time="2026-03-27T10:44:04-04:00" level=info msg=NewConnection DisableClientMultiStatements=false connectionID=148
time="2026-03-27T10:44:04-04:00" level=info msg=ConnectionClosed connectionID=148
time="2026-03-27T10:44:06-04:00" level=info msg=NewConnection DisableClientMultiStatements=false connectionID=149
time="2026-03-27T10:44:06-04:00" level=info msg=ConnectionClosed connectionID=149
time="2026-03-27T10:44:08-04:00" level=info msg=NewConnection DisableClientMultiStatements=false connectionID=150
time="2026-03-27T10:44:08-04:00" level=info msg=ConnectionClosed connectionID=150
time="2026-03-27T10:44:09-04:00" level=info msg=NewConnection DisableClientMultiStatements=false connectionID=151
time="2026-03-27T10:44:09-04:00" level=info msg=ConnectionClosed connectionID=151
time="2026-03-27T10:44:10-04:00" level=info msg=NewConnection DisableClientMultiStatements=false connectionID=152
time="2026-03-27T10:44:10-04:00" level=info msg=ConnectionClosed connectionID=152
time="2026-03-27T10:44:11-04:00" level=info msg=NewConnection DisableClientMultiStatements=false connectionID=153
time="2026-03-27T10:44:11-04:00" level=info msg=ConnectionClosed connectionID=153
time="2026-03-27T10:44:12-04:00" level=info msg=NewConnection DisableClientMultiStatements=false connectionID=154
time="2026-03-27T10:44:12-04:00" level=info msg=ConnectionClosed connectionID=154
time="2026-03-27T10:44:33-04:00" level=info msg=NewConnection DisableClientMultiStatements=false connectionID=155
time="2026-03-27T10:44:33-04:00" level=info msg=ConnectionClosed connectionID=155
time="2026-03-27T10:44:34-04:00" level=info msg=NewConnection DisableClientMultiStatements=false connectionID=156
time="2026-03-27T10:44:34-04:00" level=info msg=ConnectionClosed connectionID=156
time="2026-03-27T10:44:34-04:00" level=info msg=NewConnection DisableClientMultiStatements=false connectionID=157
time="2026-03-27T10:44:34-04:00" level=info msg=ConnectionClosed connectionID=157
time="2026-03-27T10:44:35-04:00" level=info msg=NewConnection DisableClientMultiStatements=false connectionID=158
time="2026-03-27T10:44:35-04:00" level=info msg=ConnectionClosed connectionID=158
time="2026-03-27T10:44:36-04:00" level=info msg=NewConnection DisableClientMultiStatements=false connectionID=159
time="2026-03-27T10:44:36-04:00" level=info msg=ConnectionClosed connectionID=159
time="2026-03-27T10:44:37-04:00" level=info msg=NewConnection DisableClientMultiStatements=false connectionID=160
time="2026-03-27T10:44:37-04:00" level=info msg=ConnectionClosed connectionID=160
time="2026-03-27T10:44:38-04:00" level=info msg=NewConnection DisableClientMultiStatements=false connectionID=161
time="2026-03-27T10:44:38-04:00" level=info msg=ConnectionClosed connectionID=161
time="2026-03-27T10:44:39-04:00" level=info msg=NewConnection DisableClientMultiStatements=false connectionID=162
time="2026-03-27T10:44:39-04:00" level=info msg=ConnectionClosed connectionID=162
